HELICS GridPAKC Federate created successfully.
[2025-03-04 16:42:34.956] [console] [info] gridpack::registering Input 
[2025-03-04 16:42:34.956] [console] [info] gridpack::registering Input 
[2025-03-04 16:42:34.956] [console] [info] gridpack::registering Input 

GridPACK math module configured on 1 processors
[2025-03-04 16:42:37.091] [console] [debug] gridpack (131072)[initializing]::Granting Initialization
[2025-03-04 16:42:37.091] [console] [debug] gridpack (131072)[initializing]::Granted Time=-9223372036.854776
[2025-03-04 16:42:37.112] [console] [debug] gridpack (131072)[initializing]::receive PUBLICATION pub:From (131073) handle(3) size 0 at 0 to 131072 from gld_hlc_conn/Sa
[2025-03-04 16:42:37.112] [console] [debug] gridpack (131072)[initializing]::receive PUBLICATION pub:From (131073) handle(4) size 0 at 0 to 131072 from gld_hlc_conn/Sb
[2025-03-04 16:42:37.112] [console] [debug] gridpack (131072)[initializing]::receive PUBLICATION pub:From (131073) handle(5) size 0 at 0 to 131072 from gld_hlc_conn/Sc
[2025-03-04 16:42:37.112] [console] [debug] gridpack (131072)[executing]::Granting Execution
[2025-03-04 16:42:37.112] [console] [debug] gridpack (131072)[0]::Granted Time=0
GridPACK Federate has entered execution mode.
[2025-03-04 16:42:37.112] [console] [debug] gridpack[0]::setting value for gridpack/Va size 24
[2025-03-04 16:42:37.112] [console] [debug] gridpack[0]::setting value for gridpack/Vb size 24
[2025-03-04 16:42:37.112] [console] [debug] gridpack[0]::setting value for gridpack/Vc size 24
[2025-03-04 16:42:37.119] [console] [debug] gridpack (131072)[0]::receive PUBLICATION pub:From (131073) handle(3) size 0 at 1 to 131072 from gld_hlc_conn/Sa
[2025-03-04 16:42:37.119] [console] [debug] gridpack (131072)[0]::receive PUBLICATION pub:From (131073) handle(4) size 0 at 1 to 131072 from gld_hlc_conn/Sb
[2025-03-04 16:42:37.119] [console] [debug] gridpack (131072)[0]::receive PUBLICATION pub:From (131073) handle(5) size 0 at 1 to 131072 from gld_hlc_conn/Sc
[2025-03-04 16:42:37.119] [console] [debug] gridpack (131072)[1]::Granted Time=1
<Configuration>
   <Powerflow>
      <networkConfiguration> 2bus.raw </networkConfiguration>
      <maxIteration>50</maxIteration>
      <tolerance>1.0e-6</tolerance>
      <<xmlcomment>>
    <LinearSolver>
      <PETScPrefix>nrs</PETScPrefix>
      <PETScOptions>
        -ksp_type preonly
        -pc_type lu
        -ksp_monitor
        -ksp_max_it 1
        -ksp_view
      </PETScOptions>
    </LinearSolver> 
    </<xmlcomment>>
      <<xmlcomment>>
    <LinearSolver>
      <SolutionTolerance>1.0E-15</SolutionTolerance>
      <MaxIterations>10000</MaxIterations>
      <PETScPrefix>nrs</PETScPrefix>
      <PETScOptions>
        -ksp_type bicg
        -pc_type bjacobi
        -sub_pc_type ilu -sub_pc_factor_levels 5 -sub_ksp_type preonly 
        -ksp_monitor
        -ksp_view
      </PETScOptions>
    </LinearSolver>
    </<xmlcomment>>
      <LinearSolver>
         <PETScOptions>
        -ksp_view
        -ksp_type richardson
        -pc_type lu
        -pc_factor_mat_solver_type superlu_dist
        -ksp_max_it 1
      </PETScOptions>
      </LinearSolver>
      <<xmlcomment>>
    <LinearSolver>
      <PETScOptions>
        -ksp_view
        -pc_type lu
        -pc_factor_mat_solver_type superlu
        -ksp_max_it 1
      </PETScOptions>
    </LinearSolver>
    </<xmlcomment>>
      <<xmlcomment>> 
         If UseNewton is true a NewtonRaphsonSolver is
         used. Otherwise, a PETSc-based NonlinearSolver is
         used. Configuration parameters for both are included here. 
    </<xmlcomment>>
      <UseNewton>false</UseNewton>
      <NewtonRaphsonSolver>
         <SolutionTolerance>1.0E-05</SolutionTolerance>
         <FunctionTolerance>1.0E-05</FunctionTolerance>
         <MaxIterations>50</MaxIterations>
         <LinearSolver>
            <SolutionTolerance>1.0E-08</SolutionTolerance>
            <MaxIterations>50</MaxIterations>
            <PETScOptions>
          -ksp_type bicg
          -pc_type bjacobi
          -sub_pc_type ilu -sub_pc_factor_levels 5 -sub_ksp_type preonly 
          -ksp_monitor
          -ksp_view
        </PETScOptions>
         </LinearSolver>
      </NewtonRaphsonSolver>
      <NonlinearSolver>
         <SolutionTolerance>1.0E-05</SolutionTolerance>
         <FunctionTolerance>1.0E-05</FunctionTolerance>
         <MaxIterations>50</MaxIterations>
         <PETScOptions>
        -ksp_type bicg
        -pc_type bjacobi
        -sub_pc_type ilu -sub_pc_factor_levels 5 -sub_ksp_type preonly 
        -snes_view
        -snes_monitor
        -ksp_monitor
        -ksp_view
      </PETScOptions>
      </NonlinearSolver>
   </Powerflow>
</Configuration>
terminate called after throwing an instance of 'gridpack::Exception'
  what():  BaseNetwork::getBusData: illegal index: 1 size: 1

[ehab-Precision-3490:460743] *** Process received signal ***
[ehab-Precision-3490:460743] Signal: Aborted (6)
[ehab-Precision-3490:460743] Signal code:  (-6)
[ehab-Precision-3490:460743] [ 0] /lib/x86_64-linux-gnu/libc.so.6(+0x45330)[0x7e2477045330]
[ehab-Precision-3490:460743] [ 1] /lib/x86_64-linux-gnu/libc.so.6(pthread_kill+0x11c)[0x7e247709eb2c]
[ehab-Precision-3490:460743] [ 2] /lib/x86_64-linux-gnu/libc.so.6(gsignal+0x1e)[0x7e247704527e]
[ehab-Precision-3490:460743] [ 3] /lib/x86_64-linux-gnu/libc.so.6(abort+0xdf)[0x7e24770288ff]
[ehab-Precision-3490:460743] [ 4] /lib/x86_64-linux-gnu/libstdc++.so.6(+0xa5ff5)[0x7e24774a5ff5]
[ehab-Precision-3490:460743] [ 5] /lib/x86_64-linux-gnu/libstdc++.so.6(+0xbb0da)[0x7e24774bb0da]
[ehab-Precision-3490:460743] [ 6] /lib/x86_64-linux-gnu/libstdc++.so.6(_ZSt10unexpectedv+0x0)[0x7e24774a5a55]
[ehab-Precision-3490:460743] [ 7] /lib/x86_64-linux-gnu/libstdc++.so.6(+0xbb391)[0x7e24774bb391]
[ehab-Precision-3490:460743] [ 8] ./build/gpk-left-fed.x(+0x62483)[0x5622c793b483]
[ehab-Precision-3490:460743] [ 9] ./build/gpk-left-fed.x(+0x59df3)[0x5622c7932df3]
[ehab-Precision-3490:460743] [10] ./build/gpk-left-fed.x(+0x45971)[0x5622c791e971]
[ehab-Precision-3490:460743] [11] /lib/x86_64-linux-gnu/libc.so.6(+0x2a1ca)[0x7e247702a1ca]
[ehab-Precision-3490:460743] [12] /lib/x86_64-linux-gnu/libc.so.6(__libc_start_main+0x8b)[0x7e247702a28b]
[ehab-Precision-3490:460743] [13] ./build/gpk-left-fed.x(+0x45015)[0x5622c791e015]
[ehab-Precision-3490:460743] *** End of error message ***
